0 verbose cli [
0 verbose cli   'C:\\Program Files\\nodejs\\node.exe',
0 verbose cli   'C:\\Users\\Adnan Hassan\\AppData\\Roaming\\npm\\node_modules\\npm\\bin\\npm-cli.js',
0 verbose cli   'install'
0 verbose cli ]
1 info using npm@8.4.0
2 info using node@v14.18.0
3 timing npm:load:whichnode Completed in 0ms
4 timing config:load:defaults Completed in 1ms
5 timing config:load:file:C:\Users\Adnan Hassan\AppData\Roaming\npm\node_modules\npm\npmrc Completed in 3ms
6 timing config:load:builtin Completed in 4ms
7 timing config:load:cli Completed in 2ms
8 timing config:load:env Completed in 1ms
9 timing config:load:file:C:\Users\Adnan Hassan\Downloads\my-portfolio-web\.npmrc Completed in 2ms
10 timing config:load:project Completed in 3ms
11 timing config:load:file:C:\Users\Adnan Hassan\.npmrc Completed in 1ms
12 timing config:load:user Completed in 1ms
13 timing config:load:file:C:\Users\Adnan Hassan\AppData\Roaming\npm\etc\npmrc Completed in 0ms
14 timing config:load:global Completed in 0ms
15 timing config:load:validate Completed in 1ms
16 timing config:load:credentials Completed in 1ms
17 timing config:load:setEnvs Completed in 1ms
18 timing config:load Completed in 15ms
19 timing npm:load:configload Completed in 15ms
20 timing npm:load:setTitle Completed in 1ms
21 timing config:load:flatten Completed in 3ms
22 timing npm:load:display Completed in 5ms
23 verbose logfile C:\Users\Adnan Hassan\Downloads\my-portfolio-web\_logs\2022-08-08T13_09_21_026Z-debug-0.log
24 timing npm:load:logFile Completed in 9ms
25 timing npm:load:timers Completed in 0ms
26 timing npm:load:configScope Completed in 0ms
27 timing npm:load Completed in 32ms
28 timing arborist:ctor Completed in 1ms
29 timing idealTree:init Completed in 1922ms
30 warn old lockfile
30 warn old lockfile The package-lock.json file was created with an old version of npm,
30 warn old lockfile so supplemental metadata must be fetched from the registry.
30 warn old lockfile
30 warn old lockfile This is a one-time fix-up, please be patient...
30 warn old lockfile
31 silly inflate node_modules/@babel/code-frame
32 silly inflate node_modules/@babel/compat-data
33 silly inflate node_modules/@babel/core
34 silly inflate node_modules/@babel/core/node_modules/semver
35 silly inflate node_modules/@babel/generator
36 silly inflate node_modules/@babel/helper-annotate-as-pure
37 silly inflate node_modules/@babel/helper-builder-binary-assignment-operator-visitor
38 silly inflate node_modules/@babel/helper-compilation-targets
39 http fetch GET 200 https://registry.npmjs.org/@babel%2fhelper-builder-binary-assignment-operator-visitor 14492ms (cache miss)
40 silly inflate node_modules/@babel/helper-compilation-targets/node_modules/semver
41 http fetch GET 200 https://registry.npmjs.org/@babel%2fhelper-compilation-targets 15181ms (cache miss)
42 silly inflate node_modules/@babel/helper-create-class-features-plugin
43 http fetch GET 200 https://registry.npmjs.org/@babel%2fcore 16288ms (cache miss)
44 silly inflate node_modules/@babel/helper-create-regexp-features-plugin
45 http fetch GET 200 https://registry.npmjs.org/@babel%2fhelper-create-regexp-features-plugin 3192ms (cache miss)
46 silly inflate node_modules/@babel/helper-define-polyfill-provider
47 http fetch GET 200 https://registry.npmjs.org/@babel%2fhelper-create-class-features-plugin 7311ms (cache miss)
48 silly inflate node_modules/@babel/helper-define-polyfill-provider/node_modules/semver
49 http fetch GET 200 https://registry.npmjs.org/@babel%2fhelper-define-polyfill-provider 4838ms (cache miss)
50 silly inflate node_modules/@babel/helper-explode-assignable-expression
51 http fetch GET 200 https://registry.npmjs.org/@babel%2fgenerator 25104ms (cache miss)
52 silly inflate node_modules/@babel/helper-function-name
53 http fetch GET 200 https://registry.npmjs.org/@babel%2fhelper-explode-assignable-expression 9824ms (cache miss)
54 silly inflate node_modules/@babel/helper-get-function-arity
55 http fetch GET 200 https://registry.npmjs.org/@babel%2fhelper-annotate-as-pure 35324ms (cache miss)
56 silly inflate node_modules/@babel/helper-hoist-variables
57 http fetch GET 200 https://registry.npmjs.org/@babel%2fhelper-function-name 10717ms (cache miss)
58 silly inflate node_modules/@babel/helper-member-expression-to-functions
59 http fetch GET 200 https://registry.npmjs.org/@babel%2fcode-frame 42312ms (cache miss)
60 silly inflate node_modules/@babel/helper-module-imports
61 http fetch GET 200 https://registry.npmjs.org/@babel%2fhelper-hoist-variables 7373ms (cache miss)
62 silly inflate node_modules/@babel/helper-module-transforms
63 http fetch GET 200 https://registry.npmjs.org/@babel%2fhelper-get-function-arity 9696ms (cache miss)
64 silly inflate node_modules/@babel/helper-optimise-call-expression
65 http fetch GET 200 https://registry.npmjs.org/@babel%2fhelper-member-expression-to-functions 13489ms (cache miss)
66 silly inflate node_modules/@babel/helper-plugin-utils
67 http fetch GET 200 https://registry.npmjs.org/@babel%2fhelper-module-imports 8891ms (cache miss)
68 silly inflate node_modules/@babel/helper-remap-async-to-generator
69 http fetch GET 200 https://registry.npmjs.org/@babel%2fhelper-module-transforms 8636ms (cache miss)
70 silly inflate node_modules/@babel/helper-replace-supers
71 http fetch GET 200 https://registry.npmjs.org/@babel%2fhelper-optimise-call-expression 9210ms (cache miss)
72 silly inflate node_modules/@babel/helper-simple-access
73 http fetch GET 200 https://registry.npmjs.org/@babel%2fhelper-plugin-utils 8235ms (cache miss)
74 silly inflate node_modules/@babel/helper-skip-transparent-expression-wrappers
75 http fetch GET 200 https://registry.npmjs.org/@babel%2fhelper-replace-supers 7259ms (cache miss)
76 silly inflate node_modules/@babel/helper-split-export-declaration
77 http fetch GET 200 https://registry.npmjs.org/@babel%2fhelper-skip-transparent-expression-wrappers 1871ms (cache miss)
78 silly inflate node_modules/@babel/helper-validator-identifier
79 http fetch GET 200 https://registry.npmjs.org/@babel%2fhelper-split-export-declaration 3377ms (cache miss)
80 silly inflate node_modules/@babel/helper-validator-option
81 http fetch GET 200 https://registry.npmjs.org/@babel%2fhelper-simple-access 9347ms (cache miss)
82 silly inflate node_modules/@babel/helper-wrap-function
83 http fetch GET 200 https://registry.npmjs.org/@babel%2fhelper-validator-identifier 4068ms (cache miss)
84 silly inflate node_modules/@babel/helpers
85 http fetch GET 200 https://registry.npmjs.org/@babel%2fhelper-validator-option 2181ms (cache miss)
86 silly inflate node_modules/@babel/highlight
87 http fetch GET 200 https://registry.npmjs.org/@babel%2fhighlight 6544ms (cache miss)
88 silly inflate node_modules/@babel/parser
89 http fetch GET 200 https://registry.npmjs.org/@babel%2fhelper-wrap-function 9233ms (cache miss)
90 silly inflate node_modules/@babel/plugin-bugfix-v8-spread-parameters-in-optional-chaining
91 http fetch GET 200 https://registry.npmjs.org/@babel%2fplugin-bugfix-v8-spread-parameters-in-optional-chaining 2498ms (cache miss)
92 silly inflate node_modules/@babel/plugin-proposal-async-generator-functions
93 http fetch GET 200 https://registry.npmjs.org/@babel%2fhelper-remap-async-to-generator 23117ms (cache miss)
94 silly inflate node_modules/@babel/plugin-proposal-class-properties
95 http fetch GET 200 https://registry.npmjs.org/@babel%2fhelpers 20371ms (cache miss)
96 silly inflate node_modules/@babel/plugin-proposal-class-static-block
97 http fetch GET 200 https://registry.npmjs.org/@babel%2fplugin-proposal-async-generator-functions 10034ms (cache miss)
98 silly inflate node_modules/@babel/plugin-proposal-decorators
99 http fetch GET 200 https://registry.npmjs.org/@babel%2fplugin-proposal-class-properties 10104ms (cache miss)
100 silly inflate node_modules/@babel/plugin-proposal-dynamic-import
101 http fetch GET 200 https://registry.npmjs.org/@babel%2fparser 14241ms (cache miss)
102 silly inflate node_modules/@babel/plugin-proposal-export-namespace-from
103 http fetch GET 200 https://registry.npmjs.org/@babel%2fplugin-proposal-class-static-block 2679ms (cache miss)
104 silly inflate node_modules/@babel/plugin-proposal-json-strings
105 http fetch GET 200 https://registry.npmjs.org/@babel%2fplugin-proposal-dynamic-import 3665ms (cache miss)
106 silly inflate node_modules/@babel/plugin-proposal-logical-assignment-operators
107 http fetch GET 200 https://registry.npmjs.org/@babel%2fplugin-proposal-export-namespace-from 5931ms (cache miss)
108 silly inflate node_modules/@babel/plugin-proposal-nullish-coalescing-operator
109 http fetch GET 200 https://registry.npmjs.org/@babel%2fplugin-proposal-json-strings 5899ms (cache miss)
110 silly inflate node_modules/@babel/plugin-proposal-numeric-separator
111 http fetch GET 200 https://registry.npmjs.org/@babel%2fplugin-proposal-logical-assignment-operators 6769ms (cache miss)
112 silly inflate node_modules/@babel/plugin-proposal-object-rest-spread
113 http fetch GET 200 https://registry.npmjs.org/@babel%2fplugin-proposal-decorators 13364ms (cache miss)
114 silly inflate node_modules/@babel/plugin-proposal-optional-catch-binding
115 http fetch GET 200 https://registry.npmjs.org/@babel%2fplugin-proposal-numeric-separator 10724ms (cache miss)
116 silly inflate node_modules/@babel/plugin-proposal-optional-chaining
117 http fetch GET 200 https://registry.npmjs.org/@babel%2fplugin-proposal-nullish-coalescing-operator 14681ms (cache miss)
118 silly inflate node_modules/@babel/plugin-proposal-private-methods
119 http fetch GET 200 https://registry.npmjs.org/@babel%2fplugin-proposal-optional-catch-binding 8315ms (cache miss)
120 silly inflate node_modules/@babel/plugin-proposal-private-property-in-object
121 http fetch GET 200 https://registry.npmjs.org/@babel%2fplugin-proposal-object-rest-spread 13775ms (cache miss)
122 silly inflate node_modules/@babel/plugin-proposal-unicode-property-regex
123 http fetch GET 200 https://registry.npmjs.org/@babel%2fplugin-proposal-private-property-in-object 3002ms (cache miss)
124 silly inflate node_modules/@babel/plugin-syntax-async-generators
125 http fetch GET 200 https://registry.npmjs.org/@babel%2fplugin-proposal-private-methods 6376ms (cache miss)
126 silly inflate node_modules/@babel/plugin-syntax-bigint
127 http fetch GET 200 https://registry.npmjs.org/@babel%2fplugin-syntax-async-generators 5058ms (cache miss)
128 silly inflate node_modules/@babel/plugin-syntax-class-properties
129 http fetch GET 200 https://registry.npmjs.org/@babel%2fplugin-proposal-optional-chaining 11848ms (cache miss)
130 silly inflate node_modules/@babel/plugin-syntax-class-static-block
131 http fetch GET 200 https://registry.npmjs.org/@babel%2fplugin-syntax-bigint 3130ms (cache miss)
132 silly inflate node_modules/@babel/plugin-syntax-decorators
133 http fetch GET 200 https://registry.npmjs.org/@babel%2fplugin-proposal-unicode-property-regex 6646ms (cache miss)
134 silly inflate node_modules/@babel/plugin-syntax-dynamic-import
135 http fetch GET 200 https://registry.npmjs.org/@babel%2fplugin-syntax-class-static-block 1250ms (cache miss)
136 silly inflate node_modules/@babel/plugin-syntax-export-namespace-from
137 http fetch GET 200 https://registry.npmjs.org/@babel%2fplugin-syntax-class-properties 5262ms (cache miss)
138 silly inflate node_modules/@babel/plugin-syntax-flow
139 http fetch GET 200 https://registry.npmjs.org/@babel%2fplugin-syntax-dynamic-import 5007ms (cache miss)
140 silly inflate node_modules/@babel/plugin-syntax-import-meta
141 http fetch GET 200 https://registry.npmjs.org/@babel%2fplugin-syntax-decorators 6647ms (cache miss)
142 silly inflate node_modules/@babel/plugin-syntax-json-strings
143 http fetch GET 200 https://registry.npmjs.org/@babel%2fplugin-syntax-export-namespace-from 5878ms (cache miss)
144 silly inflate node_modules/@babel/plugin-syntax-jsx
145 http fetch GET 200 https://registry.npmjs.org/@babel%2fplugin-syntax-flow 5247ms (cache miss)
146 silly inflate node_modules/@babel/plugin-syntax-logical-assignment-operators
147 http fetch GET 200 https://registry.npmjs.org/@babel%2fplugin-syntax-json-strings 2868ms (cache miss)
148 silly inflate node_modules/@babel/plugin-syntax-nullish-coalescing-operator
149 http fetch GET 200 https://registry.npmjs.org/@babel%2fplugin-syntax-import-meta 4400ms (cache miss)
150 silly inflate node_modules/@babel/plugin-syntax-numeric-separator
151 http fetch GET 200 https://registry.npmjs.org/@babel%2fplugin-syntax-numeric-separator 2886ms (cache miss)
152 silly inflate node_modules/@babel/plugin-syntax-object-rest-spread
153 http fetch GET 200 https://registry.npmjs.org/@babel%2fplugin-syntax-nullish-coalescing-operator 3078ms (cache miss)
154 silly inflate node_modules/@babel/plugin-syntax-optional-catch-binding
155 http fetch GET 200 https://registry.npmjs.org/@babel%2fplugin-syntax-logical-assignment-operators 3547ms (cache miss)
156 silly inflate node_modules/@babel/plugin-syntax-optional-chaining
157 http fetch GET 200 https://registry.npmjs.org/@babel%2fplugin-syntax-jsx 5910ms (cache miss)
158 silly inflate node_modules/@babel/plugin-syntax-private-property-in-object
159 http fetch GET 200 https://registry.npmjs.org/@babel%2fplugin-syntax-private-property-in-object 705ms (cache miss)
160 silly inflate node_modules/@babel/plugin-syntax-top-level-await
161 http fetch GET 200 https://registry.npmjs.org/@babel%2fplugin-syntax-object-rest-spread 3421ms (cache miss)
162 silly inflate node_modules/@babel/plugin-syntax-typescript
163 http fetch GET 200 https://registry.npmjs.org/@babel%2fplugin-syntax-optional-catch-binding 3520ms (cache miss)
164 silly inflate node_modules/@babel/plugin-transform-arrow-functions
165 http fetch GET 200 https://registry.npmjs.org/@babel%2fplugin-syntax-top-level-await 2726ms (cache miss)
166 silly inflate node_modules/@babel/plugin-transform-async-to-generator
167 http fetch GET 200 https://registry.npmjs.org/@babel%2fplugin-syntax-optional-chaining 6613ms (cache miss)
168 silly inflate node_modules/@babel/plugin-transform-block-scoped-functions
169 http fetch GET 200 https://registry.npmjs.org/@babel%2fplugin-syntax-typescript 5167ms (cache miss)
170 silly inflate node_modules/@babel/plugin-transform-block-scoping
171 http fetch GET 200 https://registry.npmjs.org/@babel%2fplugin-transform-arrow-functions 7003ms (cache miss)
172 silly inflate node_modules/@babel/plugin-transform-classes
173 http fetch GET 200 https://registry.npmjs.org/@babel%2fplugin-transform-block-scoped-functions 7196ms (cache miss)
174 silly inflate node_modules/@babel/plugin-transform-computed-properties
175 http fetch GET 200 https://registry.npmjs.org/@babel%2fplugin-transform-block-scoping 6609ms (cache miss)
176 silly inflate node_modules/@babel/plugin-transform-destructuring
177 http fetch GET 200 https://registry.npmjs.org/@babel%2fplugin-transform-classes 8404ms (cache miss)
178 silly inflate node_modules/@babel/plugin-transform-dotall-regex
179 http fetch GET 200 https://registry.npmjs.org/@babel%2fplugin-transform-async-to-generator 15338ms (cache miss)
180 silly inflate node_modules/@babel/plugin-transform-duplicate-keys
181 http fetch GET 200 https://registry.npmjs.org/@babel%2fplugin-transform-computed-properties 5195ms (cache miss)
182 silly inflate node_modules/@babel/plugin-transform-exponentiation-operator
183 http fetch GET 200 https://registry.npmjs.org/@babel%2fplugin-transform-destructuring 8482ms (cache miss)
184 silly inflate node_modules/@babel/plugin-transform-flow-strip-types
185 http fetch GET 200 https://registry.npmjs.org/@babel%2fplugin-transform-exponentiation-operator 6631ms (cache miss)
186 silly inflate node_modules/@babel/plugin-transform-for-of
187 http fetch GET 200 https://registry.npmjs.org/@babel%2fplugin-transform-dotall-regex 7273ms (cache miss)
188 silly inflate node_modules/@babel/plugin-transform-function-name
189 http fetch GET 200 https://registry.npmjs.org/@babel%2fplugin-transform-duplicate-keys 7209ms (cache miss)
190 silly inflate node_modules/@babel/plugin-transform-literals
191 http fetch GET 200 https://registry.npmjs.org/@babel%2fplugin-transform-flow-strip-types 8989ms (cache miss)
192 silly inflate node_modules/@babel/plugin-transform-member-expression-literals
193 http fetch GET 200 https://registry.npmjs.org/@babel%2fplugin-transform-for-of 7054ms (cache miss)
194 silly inflate node_modules/@babel/plugin-transform-modules-amd
195 http fetch GET 200 https://registry.npmjs.org/@babel%2fplugin-transform-literals 6672ms (cache miss)
196 silly inflate node_modules/@babel/plugin-transform-modules-commonjs
197 http fetch GET 200 https://registry.npmjs.org/@babel%2fplugin-transform-function-name 7019ms (cache miss)
198 silly inflate node_modules/@babel/plugin-transform-modules-systemjs
199 http fetch GET 200 https://registry.npmjs.org/@babel%2fplugin-transform-member-expression-literals 5828ms (cache miss)
200 silly inflate node_modules/@babel/plugin-transform-modules-umd
201 http fetch GET 200 https://registry.npmjs.org/@babel%2fplugin-transform-modules-amd 8426ms (cache miss)
202 silly inflate node_modules/@babel/plugin-transform-named-capturing-groups-regex
203 http fetch GET 200 https://registry.npmjs.org/@babel%2fplugin-transform-modules-systemjs 8604ms (cache miss)
204 silly inflate node_modules/@babel/plugin-transform-new-target
205 http fetch GET 200 https://registry.npmjs.org/@babel%2fplugin-transform-modules-commonjs 10174ms (cache miss)
206 silly inflate node_modules/@babel/plugin-transform-object-super
207 http fetch GET 200 https://registry.npmjs.org/@babel%2fplugin-transform-modules-umd 5794ms (cache miss)
208 silly inflate node_modules/@babel/plugin-transform-parameters
209 http fetch GET 200 https://registry.npmjs.org/@babel%2fplugin-transform-named-capturing-groups-regex 4163ms (cache miss)
210 silly inflate node_modules/@babel/plugin-transform-property-literals
211 http fetch GET 200 https://registry.npmjs.org/@babel%2fplugin-transform-object-super 5312ms (cache miss)
212 silly inflate node_modules/@babel/plugin-transform-react-constant-elements
213 http fetch GET 200 https://registry.npmjs.org/@babel%2fplugin-transform-new-target 7806ms (cache miss)
214 silly inflate node_modules/@babel/plugin-transform-react-display-name
215 http fetch GET 200 https://registry.npmjs.org/@babel%2fplugin-transform-parameters 6109ms (cache miss)
216 silly inflate node_modules/@babel/plugin-transform-react-jsx
217 http fetch GET 200 https://registry.npmjs.org/@babel%2fplugin-transform-property-literals 5764ms (cache miss)
218 silly inflate node_modules/@babel/plugin-transform-react-jsx-development
219 http fetch GET 200 https://registry.npmjs.org/@babel%2fplugin-transform-react-jsx-development 3075ms (cache miss)
220 silly inflate node_modules/@babel/plugin-transform-react-jsx-self
221 http fetch GET 200 https://registry.npmjs.org/@babel%2fplugin-transform-react-display-name 5174ms (cache miss)
222 silly inflate node_modules/@babel/plugin-transform-react-jsx-source
223 http fetch GET 200 https://registry.npmjs.org/@babel%2fplugin-transform-react-constant-elements 7620ms (cache miss)
224 silly inflate node_modules/@babel/plugin-transform-react-pure-annotations
225 http fetch GET 200 https://registry.npmjs.org/@babel%2fplugin-transform-react-jsx 6765ms (cache miss)
226 silly inflate node_modules/@babel/plugin-transform-regenerator
227 http fetch GET 200 https://registry.npmjs.org/@babel%2fplugin-transform-react-pure-annotations 3180ms (cache miss)
228 silly inflate node_modules/@babel/plugin-transform-reserved-words
229 http fetch GET 200 https://registry.npmjs.org/@babel%2fplugin-transform-react-jsx-source 5651ms (cache miss)
230 silly inflate node_modules/@babel/plugin-transform-runtime
231 http fetch GET 200 https://registry.npmjs.org/@babel%2fplugin-transform-react-jsx-self 7332ms (cache miss)
232 silly inflate node_modules/@babel/plugin-transform-runtime/node_modules/semver
233 http fetch GET 200 https://registry.npmjs.org/@babel%2fplugin-transform-regenerator 7271ms (cache miss)
234 silly inflate node_modules/@babel/plugin-transform-shorthand-properties
235 http fetch GET 200 https://registry.npmjs.org/@babel%2fplugin-transform-reserved-words 5203ms (cache miss)
236 silly inflate node_modules/@babel/plugin-transform-spread
237 http fetch GET 200 https://registry.npmjs.org/@babel%2fplugin-transform-shorthand-properties 3926ms (cache miss)
238 silly inflate node_modules/@babel/plugin-transform-sticky-regex
239 http fetch GET 200 https://registry.npmjs.org/@babel%2fplugin-transform-runtime 9878ms (cache miss)
240 silly inflate node_modules/@babel/plugin-transform-template-literals
241 http fetch GET 200 https://registry.npmjs.org/@babel%2fplugin-transform-spread 5971ms (cache miss)
242 silly inflate node_modules/@babel/plugin-transform-typeof-symbol
243 http fetch GET 200 https://registry.npmjs.org/@babel%2fplugin-transform-sticky-regex 4672ms (cache miss)
244 silly inflate node_modules/@babel/plugin-transform-typescript
245 http fetch GET 200 https://registry.npmjs.org/@babel%2fplugin-transform-template-literals 4883ms (cache miss)
246 silly inflate node_modules/@babel/plugin-transform-unicode-escapes
247 http fetch GET 200 https://registry.npmjs.org/@babel%2fplugin-transform-typeof-symbol 5051ms (cache miss)
248 silly inflate node_modules/@babel/plugin-transform-unicode-regex
249 http fetch GET 200 https://registry.npmjs.org/@babel%2fplugin-transform-unicode-escapes 1313ms (cache miss)
250 silly inflate node_modules/@babel/preset-env
251 http fetch GET 200 https://registry.npmjs.org/@babel%2fplugin-transform-unicode-regex 4596ms (cache miss)
252 silly inflate node_modules/@babel/preset-env/node_modules/semver
253 http fetch GET 200 https://registry.npmjs.org/@babel%2fplugin-transform-typescript 7702ms (cache miss)
254 silly inflate node_modules/@babel/preset-modules
255 http fetch GET 200 https://registry.npmjs.org/@babel%2fpreset-modules 2002ms (cache miss)
256 silly inflate node_modules/@babel/preset-react
257 http fetch GET 200 https://registry.npmjs.org/@babel%2fpreset-react 4830ms (cache miss)
258 silly inflate node_modules/@babel/preset-typescript
259 http fetch GET 200 https://registry.npmjs.org/@babel%2fpreset-typescript 4697ms (cache miss)
260 silly inflate node_modules/@babel/runtime
261 http fetch GET 200 https://registry.npmjs.org/@babel%2fpreset-env 22794ms (cache miss)
262 silly inflate node_modules/@babel/runtime-corejs3
263 http fetch GET 200 https://registry.npmjs.org/@babel%2fruntime 9466ms (cache miss)
264 silly inflate node_modules/@babel/template
265 http fetch GET 200 https://registry.npmjs.org/@babel%2fruntime-corejs3 5706ms (cache miss)
266 silly inflate node_modules/@babel/traverse
267 http fetch GET 200 https://registry.npmjs.org/@babel%2ftemplate 4024ms (cache miss)
268 silly inflate node_modules/@babel/types
269 http fetch GET 200 https://registry.npmjs.org/@babel%2ftraverse 6925ms (cache miss)
270 silly inflate node_modules/@bcoe/v8-coverage
271 http fetch GET 200 https://registry.npmjs.org/@bcoe%2fv8-coverage 787ms (cache miss)
272 silly inflate node_modules/@cnakazawa/watch
273 http fetch GET 200 https://registry.npmjs.org/@babel%2ftypes 7602ms (cache miss)
274 silly inflate node_modules/@csstools/convert-colors
275 http fetch GET 200 https://registry.npmjs.org/@cnakazawa%2fwatch 536ms (cache miss)
276 silly inflate node_modules/@csstools/normalize.css
277 http fetch GET 200 https://registry.npmjs.org/@csstools%2fconvert-colors 746ms (cache miss)
278 silly inflate node_modules/@emotion/hash
279 http fetch GET 200 https://registry.npmjs.org/@csstools%2fnormalize.css 986ms (cache miss)
280 silly inflate node_modules/@eslint/eslintrc
281 http fetch GET 200 https://registry.npmjs.org/@emotion%2fhash 1419ms (cache miss)
282 silly inflate node_modules/@eslint/eslintrc/node_modules/globals
283 http fetch GET 200 https://registry.npmjs.org/@eslint%2feslintrc 3968ms (cache miss)
284 silly inflate node_modules/@eslint/eslintrc/node_modules/ignore
285 http fetch GET 200 https://registry.npmjs.org/globals 4561ms (cache miss)
286 silly inflate node_modules/@hapi/address
287 http fetch GET 200 https://registry.npmjs.org/@hapi%2faddress 1884ms (cache miss)
288 silly inflate node_modules/@hapi/bourne
289 http fetch GET 200 https://registry.npmjs.org/ignore 4611ms (cache miss)
290 silly inflate node_modules/@hapi/hoek
291 http fetch GET 200 https://registry.npmjs.org/@hapi%2fbourne 1055ms (cache miss)
292 silly inflate node_modules/@hapi/joi
293 http fetch GET 200 https://registry.npmjs.org/@hapi%2fjoi 3220ms (cache miss)
294 silly inflate node_modules/@hapi/topo
295 http fetch GET 200 https://registry.npmjs.org/@hapi%2fhoek 3629ms (cache miss)
296 silly inflate node_modules/@istanbuljs/load-nyc-config
297 http fetch GET 200 https://registry.npmjs.org/@istanbuljs%2fload-nyc-config 913ms (cache miss)
298 silly inflate node_modules/@istanbuljs/load-nyc-config/node_modules/camelcase
299 http fetch GET 200 https://registry.npmjs.org/@hapi%2ftopo 1301ms (cache miss)
300 silly inflate node_modules/@istanbuljs/load-nyc-config/node_modules/resolve-from
301 http fetch GET 200 https://registry.npmjs.org/resolve-from 992ms (cache miss)
302 silly inflate node_modules/@istanbuljs/schema
303 http fetch GET 200 https://registry.npmjs.org/@istanbuljs%2fschema 925ms (cache miss)
304 silly inflate node_modules/@jest/console
305 http fetch GET 200 https://registry.npmjs.org/camelcase 2083ms (cache miss)
306 silly inflate node_modules/@jest/console/node_modules/ansi-styles
307 http fetch GET 200 https://registry.npmjs.org/ansi-styles 3047ms (cache miss)
308 silly inflate node_modules/@jest/console/node_modules/chalk
309 http fetch GET 200 https://registry.npmjs.org/@jest%2fconsole 6656ms (cache miss)
310 silly inflate node_modules/@jest/console/node_modules/color-convert
311 http fetch GET 200 https://registry.npmjs.org/chalk 4405ms (cache miss)
312 silly inflate node_modules/@jest/console/node_modules/color-name
313 http fetch GET 200 https://registry.npmjs.org/color-name 768ms (cache miss)
314 silly inflate node_modules/@jest/console/node_modules/has-flag
315 http fetch GET 200 https://registry.npmjs.org/color-convert 2349ms (cache miss)
316 silly inflate node_modules/@jest/console/node_modules/supports-color
317 http fetch GET 200 https://registry.npmjs.org/has-flag 1063ms (cache miss)
318 silly inflate node_modules/@jest/core
319 http fetch GET 200 https://registry.npmjs.org/supports-color 2812ms (cache miss)
320 silly inflate node_modules/@jest/core/node_modules/ansi-styles
321 silly inflate node_modules/@jest/core/node_modules/chalk
322 silly inflate node_modules/@jest/core/node_modules/color-convert
323 silly inflate node_modules/@jest/core/node_modules/color-name
324 silly inflate node_modules/@jest/core/node_modules/has-flag
325 silly inflate node_modules/@jest/core/node_modules/jest-resolve
326 http fetch GET 200 https://registry.npmjs.org/jest-resolve 11520ms (cache miss)
327 silly inflate node_modules/@jest/core/node_modules/read-pkg
328 http fetch GET 200 https://registry.npmjs.org/read-pkg 943ms (cache miss)
329 silly inflate node_modules/@jest/core/node_modules/read-pkg/node_modules/type-fest
330 http fetch GET 200 https://registry.npmjs.org/@jest%2fcore 15989ms (cache miss)
331 silly inflate node_modules/@jest/core/node_modules/read-pkg-up
332 http fetch GET 200 https://registry.npmjs.org/read-pkg-up 1115ms (cache miss)
333 silly inflate node_modules/@jest/core/node_modules/supports-color
334 silly inflate node_modules/@jest/environment
335 http fetch GET 200 https://registry.npmjs.org/type-fest 3758ms (cache miss)
336 silly inflate node_modules/@jest/fake-timers
337 http fetch GET 200 https://registry.npmjs.org/@jest%2fenvironment 9660ms (cache miss)
338 silly inflate node_modules/@jest/globals
339 http fetch GET 200 https://registry.npmjs.org/@jest%2ffake-timers 8242ms (cache miss)
340 silly inflate node_modules/@jest/reporters
341 http fetch GET 200 https://registry.npmjs.org/@jest%2fglobals 13537ms (cache miss)
342 silly inflate node_modules/@jest/reporters/node_modules/ansi-styles
343 silly inflate node_modules/@jest/reporters/node_modules/chalk
344 silly inflate node_modules/@jest/reporters/node_modules/color-convert
345 silly inflate node_modules/@jest/reporters/node_modules/color-name
346 silly inflate node_modules/@jest/reporters/node_modules/has-flag
347 silly inflate node_modules/@jest/reporters/node_modules/jest-resolve
348 silly inflate node_modules/@jest/reporters/node_modules/read-pkg
349 silly inflate node_modules/@jest/reporters/node_modules/read-pkg/node_modules/type-fest
350 silly inflate node_modules/@jest/reporters/node_modules/read-pkg-up
351 silly inflate node_modules/@jest/reporters/node_modules/source-map
352 http fetch GET 200 https://registry.npmjs.org/@jest%2freporters 15245ms (cache miss)
353 silly inflate node_modules/@jest/reporters/node_modules/supports-color
354 silly inflate node_modules/@jest/source-map
355 http fetch GET 200 https://registry.npmjs.org/source-map 2968ms (cache miss)
356 silly inflate node_modules/@jest/source-map/node_modules/source-map
357 silly inflate node_modules/@jest/test-result
358 http fetch GET 200 https://registry.npmjs.org/semver 312461ms attempt #2 (cache miss)
359 silly inflate node_modules/@jest/test-sequencer
360 silly inflate node_modules/@jest/transform
361 silly inflate node_modules/@jest/transform/node_modules/ansi-styles
362 silly inflate node_modules/@jest/transform/node_modules/chalk
363 silly inflate node_modules/@jest/transform/node_modules/color-convert
364 silly inflate node_modules/@jest/transform/node_modules/color-name
365 silly inflate node_modules/@jest/transform/node_modules/has-flag
366 silly inflate node_modules/@jest/transform/node_modules/source-map
367 silly inflate node_modules/@jest/transform/node_modules/supports-color
368 silly inflate node_modules/@jest/types
369 silly inflate node_modules/@jest/types/node_modules/ansi-styles
370 silly inflate node_modules/@jest/types/node_modules/chalk
371 silly inflate node_modules/@jest/types/node_modules/color-convert
372 silly inflate node_modules/@jest/types/node_modules/color-name
373 silly inflate node_modules/@jest/types/node_modules/has-flag
374 silly inflate node_modules/@jest/types/node_modules/supports-color
375 silly inflate node_modules/@material-ui/core
376 silly inflate node_modules/@material-ui/icons
377 http fetch GET 200 https://registry.npmjs.org/@jest%2fsource-map 3973ms (cache miss)
378 silly inflate node_modules/@material-ui/styles
379 http fetch GET 200 https://registry.npmjs.org/@babel%2fcompat-data 317928ms attempt #2 (cache miss)
380 silly inflate node_modules/@material-ui/system
381 http fetch GET 200 https://registry.npmjs.org/@jest%2ftest-sequencer 7810ms (cache miss)
382 silly inflate node_modules/@material-ui/types
383 http fetch GET 200 https://registry.npmjs.org/@jest%2ftest-result 13219ms (cache miss)
384 silly inflate node_modules/@material-ui/utils
385 http fetch GET 200 https://registry.npmjs.org/@material-ui%2ftypes 8181ms (cache miss)
386 silly inflate node_modules/@nodelib/fs.scandir
387 http fetch GET 200 https://registry.npmjs.org/@material-ui%2ficons 16284ms (cache miss)
388 silly inflate node_modules/@nodelib/fs.stat
389 http fetch GET 200 https://registry.npmjs.org/@nodelib%2ffs.scandir 2266ms (cache miss)
390 silly inflate node_modules/@nodelib/fs.walk
391 http fetch GET 200 https://registry.npmjs.org/@jest%2ftypes 18626ms (cache miss)
392 silly inflate node_modules/@npmcli/move-file
393 http fetch GET 200 https://registry.npmjs.org/@material-ui%2fstyles 18590ms (cache miss)
394 silly inflate node_modules/@npmcli/move-file/node_modules/mkdirp
395 http fetch GET 200 https://registry.npmjs.org/@material-ui%2fsystem 13361ms (cache miss)
396 silly inflate node_modules/@pmmmwh/react-refresh-webpack-plugin
397 http fetch GET 200 https://registry.npmjs.org/@material-ui%2futils 8435ms (cache miss)
398 silly inflate node_modules/@pmmmwh/react-refresh-webpack-plugin/node_modules/source-map
399 silly inflate node_modules/@rollup/plugin-node-resolve
400 http fetch GET 200 https://registry.npmjs.org/@material-ui%2fcore 19420ms (cache miss)
401 silly inflate node_modules/@rollup/plugin-replace
402 http fetch GET 200 https://registry.npmjs.org/@nodelib%2ffs.stat 3165ms (cache miss)
403 silly inflate node_modules/@rollup/pluginutils
404 http fetch GET 200 https://registry.npmjs.org/@nodelib%2ffs.walk 1403ms (cache miss)
405 silly inflate node_modules/@rollup/pluginutils/node_modules/@types/estree
406 http fetch GET 200 https://registry.npmjs.org/@npmcli%2fmove-file 1537ms (cache miss)
407 silly inflate node_modules/@sinonjs/commons
408 http fetch GET 200 https://registry.npmjs.org/@rollup%2fplugin-replace 2526ms (cache miss)
409 silly inflate node_modules/@sinonjs/fake-timers
410 http fetch GET 200 https://registry.npmjs.org/mkdirp 3709ms (cache miss)
411 silly inflate node_modules/@surma/rollup-plugin-off-main-thread
412 http fetch GET 200 https://registry.npmjs.org/@types%2festree 3373ms (cache miss)
413 silly inflate node_modules/@svgr/babel-plugin-add-jsx-attribute
414 http fetch GET 200 https://registry.npmjs.org/@rollup%2fpluginutils 3860ms (cache miss)
415 silly inflate node_modules/@svgr/babel-plugin-remove-jsx-attribute
416 http fetch GET 200 https://registry.npmjs.org/@sinonjs%2ffake-timers 1982ms (cache miss)
417 silly inflate node_modules/@svgr/babel-plugin-remove-jsx-empty-expression
418 http fetch GET 200 https://registry.npmjs.org/@svgr%2fbabel-plugin-add-jsx-attribute 1298ms (cache miss)
419 silly inflate node_modules/@svgr/babel-plugin-replace-jsx-attribute-value
420 http fetch GET 200 https://registry.npmjs.org/@sinonjs%2fcommons 4467ms (cache miss)
421 silly inflate node_modules/@svgr/babel-plugin-svg-dynamic-title
422 http fetch GET 200 https://registry.npmjs.org/@surma%2frollup-plugin-off-main-thread 2512ms (cache miss)
423 silly inflate node_modules/@svgr/babel-plugin-svg-em-dimensions
424 http fetch GET 200 https://registry.npmjs.org/@svgr%2fbabel-plugin-remove-jsx-empty-expression 1096ms (cache miss)
425 silly inflate node_modules/@svgr/babel-plugin-transform-react-native-svg
426 http fetch GET 200 https://registry.npmjs.org/@rollup%2fplugin-node-resolve 6160ms (cache miss)
427 silly inflate node_modules/@svgr/babel-plugin-transform-svg-component
428 http fetch GET 200 https://registry.npmjs.org/@svgr%2fbabel-plugin-remove-jsx-attribute 1857ms (cache miss)
429 silly inflate node_modules/@svgr/babel-preset
430 http fetch GET 200 https://registry.npmjs.org/@svgr%2fbabel-plugin-replace-jsx-attribute-value 1048ms (cache miss)
431 silly inflate node_modules/@svgr/core
432 http fetch GET 200 https://registry.npmjs.org/@svgr%2fbabel-plugin-transform-react-native-svg 1014ms (cache miss)
433 silly inflate node_modules/@svgr/hast-util-to-babel-ast
434 http fetch GET 200 https://registry.npmjs.org/@jest%2ftransform 26349ms (cache miss)
435 silly inflate node_modules/@svgr/plugin-jsx
436 http fetch GET 200 https://registry.npmjs.org/@svgr%2fbabel-plugin-svg-dynamic-title 1925ms (cache miss)
437 silly inflate node_modules/@svgr/plugin-svgo
438 http fetch GET 200 https://registry.npmjs.org/@svgr%2fbabel-plugin-svg-em-dimensions 3674ms (cache miss)
439 silly inflate node_modules/@svgr/webpack
440 http fetch GET 200 https://registry.npmjs.org/@svgr%2fcore 3352ms (cache miss)
441 silly inflate node_modules/@testing-library/dom
442 http fetch GET 200 https://registry.npmjs.org/@svgr%2fbabel-preset 3913ms (cache miss)
443 silly inflate node_modules/@testing-library/dom/node_modules/ansi-styles
444 silly inflate node_modules/@testing-library/dom/node_modules/chalk
445 silly inflate node_modules/@testing-library/dom/node_modules/color-convert
446 silly inflate node_modules/@testing-library/dom/node_modules/color-name
447 silly inflate node_modules/@testing-library/dom/node_modules/has-flag
448 silly inflate node_modules/@testing-library/dom/node_modules/supports-color
449 silly inflate node_modules/@testing-library/jest-dom
450 http fetch GET 200 https://registry.npmjs.org/@svgr%2fhast-util-to-babel-ast 3049ms (cache miss)
451 silly inflate node_modules/@testing-library/jest-dom/node_modules/ansi-styles
452 silly inflate node_modules/@testing-library/jest-dom/node_modules/chalk
453 silly inflate node_modules/@testing-library/jest-dom/node_modules/color-convert
454 silly inflate node_modules/@testing-library/jest-dom/node_modules/color-name
455 silly inflate node_modules/@testing-library/jest-dom/node_modules/css
456 http fetch GET 200 https://registry.npmjs.org/@svgr%2fbabel-plugin-transform-svg-component 4031ms (cache miss)
457 silly inflate node_modules/@testing-library/jest-dom/node_modules/has-flag
458 silly inflate node_modules/@testing-library/jest-dom/node_modules/source-map
459 silly inflate node_modules/@testing-library/jest-dom/node_modules/source-map-resolve
460 http fetch GET 200 https://registry.npmjs.org/@svgr%2fplugin-svgo 2942ms (cache miss)
461 silly inflate node_modules/@testing-library/jest-dom/node_modules/supports-color
462 silly inflate node_modules/@testing-library/react
463 http fetch GET 200 https://registry.npmjs.org/source-map-resolve 2559ms (cache miss)
464 silly inflate node_modules/@testing-library/user-event
465 http fetch GET 200 https://registry.npmjs.org/css 3152ms (cache miss)
466 silly inflate node_modules/@types/anymatch
467 http fetch GET 200 https://registry.npmjs.org/@pmmmwh%2freact-refresh-webpack-plugin 15916ms (cache miss)
468 silly inflate node_modules/@types/aria-query
469 http fetch GET 200 https://registry.npmjs.org/@types%2fanymatch 4280ms (cache miss)
470 silly inflate node_modules/@types/babel__core
471 http fetch GET 200 https://registry.npmjs.org/@svgr%2fwebpack 8351ms (cache miss)
472 silly inflate node_modules/@types/babel__generator
473 http fetch GET 200 https://registry.npmjs.org/@testing-library%2fjest-dom 8079ms (cache miss)
474 silly inflate node_modules/@types/babel__template
475 http fetch GET 200 https://registry.npmjs.org/@svgr%2fplugin-jsx 10952ms (cache miss)
476 silly inflate node_modules/@types/babel__traverse
477 http fetch GET 200 https://registry.npmjs.org/@types%2fbabel__generator 1346ms (cache miss)
478 silly inflate node_modules/@types/eslint
479 http fetch GET 200 https://registry.npmjs.org/@types%2fbabel__template 1266ms (cache miss)
480 silly inflate node_modules/@types/estree
481 silly inflate node_modules/@types/glob
482 http fetch GET 200 https://registry.npmjs.org/@types%2fbabel__traverse 6063ms (cache miss)
483 silly inflate node_modules/@types/graceful-fs
484 http fetch GET 200 https://registry.npmjs.org/@types%2fbabel__core 6973ms (cache miss)
485 silly inflate node_modules/@types/html-minifier-terser
486 http fetch GET 200 https://registry.npmjs.org/@types%2fglob 6165ms (cache miss)
487 silly inflate node_modules/@types/istanbul-lib-coverage
488 http fetch GET 200 https://registry.npmjs.org/@types%2feslint 6834ms (cache miss)
489 silly inflate node_modules/@types/istanbul-lib-report
490 http fetch GET 200 https://registry.npmjs.org/@types%2fhtml-minifier-terser 1911ms (cache miss)
491 silly inflate node_modules/@types/istanbul-reports
492 http fetch GET 200 https://registry.npmjs.org/@types%2fgraceful-fs 2083ms (cache miss)
493 silly inflate node_modules/@types/jest
494 http fetch GET 200 https://registry.npmjs.org/@types%2fistanbul-lib-coverage 1096ms (cache miss)
495 silly inflate node_modules/@types/json-schema
496 http fetch GET 200 https://registry.npmjs.org/@types%2fistanbul-lib-report 684ms (cache miss)
497 silly inflate node_modules/@types/json5
498 http fetch GET 200 https://registry.npmjs.org/@testing-library%2fdom 17760ms (cache miss)
499 silly inflate node_modules/@types/minimatch
500 http fetch GET 200 https://registry.npmjs.org/@types%2fistanbul-reports 1096ms (cache miss)
501 silly inflate node_modules/@types/node
502 http fetch GET 200 https://registry.npmjs.org/@types%2fjson5 839ms (cache miss)
503 silly inflate node_modules/@types/normalize-package-data
504 http fetch GET 200 https://registry.npmjs.org/@types%2fjson-schema 1405ms (cache miss)
505 silly inflate node_modules/@types/parse-json
506 http fetch GET 200 https://registry.npmjs.org/@types%2fminimatch 654ms (cache miss)
507 silly inflate node_modules/@types/prettier
508 http fetch GET 200 https://registry.npmjs.org/@types%2fnormalize-package-data 402ms (cache miss)
509 silly inflate node_modules/@types/prop-types
510 http fetch GET 200 https://registry.npmjs.org/@types%2fparse-json 245ms (cache miss)
511 silly inflate node_modules/@types/q
512 http fetch GET 200 https://registry.npmjs.org/@testing-library%2freact 18319ms (cache miss)
513 silly inflate node_modules/@types/react
514 http fetch GET 200 https://registry.npmjs.org/@types%2fprop-types 1414ms (cache miss)
515 silly inflate node_modules/@types/react/node_modules/csstype
516 http fetch GET 200 https://registry.npmjs.org/@types%2fq 1748ms (cache miss)
517 silly inflate node_modules/@types/react-transition-group
518 http fetch GET 200 https://registry.npmjs.org/@types%2faria-query 15366ms (cache miss)
519 silly inflate node_modules/@types/resolve
520 http fetch GET 200 https://registry.npmjs.org/@types%2fprettier 2983ms (cache miss)
521 silly inflate node_modules/@types/scheduler
522 http fetch GET 200 https://registry.npmjs.org/@types%2fresolve 1737ms (cache miss)
523 silly inflate node_modules/@types/source-list-map
524 http fetch GET 200 https://registry.npmjs.org/@types%2freact-transition-group 3113ms (cache miss)
525 silly inflate node_modules/@types/stack-utils
526 http fetch GET 200 https://registry.npmjs.org/@types%2fscheduler 2252ms (cache miss)
527 silly inflate node_modules/@types/tapable
528 http fetch GET 200 https://registry.npmjs.org/@types%2fsource-list-map 644ms (cache miss)
529 silly inflate node_modules/@types/testing-library__jest-dom
530 http fetch GET 200 https://registry.npmjs.org/@types%2fstack-utils 784ms (cache miss)
531 silly inflate node_modules/@types/uglify-js
532 http fetch GET 200 https://registry.npmjs.org/@types%2ftapable 1331ms (cache miss)
533 silly inflate node_modules/@types/uglify-js/node_modules/source-map
534 silly inflate node_modules/@types/webpack
535 http fetch GET 200 https://registry.npmjs.org/@types%2fjest 9550ms (cache miss)
536 silly inflate node_modules/@types/webpack/node_modules/source-map
537 silly inflate node_modules/@types/webpack-sources
538 http fetch GET 200 https://registry.npmjs.org/@types%2ftesting-library__jest-dom 2984ms (cache miss)
539 silly inflate node_modules/@types/webpack-sources/node_modules/source-map
540 silly inflate node_modules/@types/yargs
541 http fetch GET 200 https://registry.npmjs.org/csstype 7218ms (cache miss)
542 silly inflate node_modules/@types/yargs-parser
543 http fetch GET 200 https://registry.npmjs.org/@types%2fuglify-js 2798ms (cache miss)
544 silly inflate node_modules/@typescript-eslint/eslint-plugin
545 http fetch GET 200 https://registry.npmjs.org/@types%2fwebpack-sources 1466ms (cache miss)
546 silly inflate node_modules/@typescript-eslint/experimental-utils
547 http fetch GET 200 https://registry.npmjs.org/@types%2fyargs-parser 1420ms (cache miss)
548 silly inflate node_modules/@typescript-eslint/parser
549 http fetch GET 200 https://registry.npmjs.org/@types%2fwebpack 10666ms (cache miss)
550 silly inflate node_modules/@typescript-eslint/scope-manager
551 http fetch GET 200 https://registry.npmjs.org/@types%2fyargs 9081ms (cache miss)
552 silly inflate node_modules/@typescript-eslint/types
553 http fetch GET 200 https://registry.npmjs.org/@testing-library%2fuser-event 35681ms (cache miss)
554 silly inflate node_modules/@typescript-eslint/typescript-estree
555 http fetch GET 200 https://registry.npmjs.org/@types%2freact 26158ms (cache miss)
556 silly inflate node_modules/@typescript-eslint/visitor-keys
557 http fetch GET 200 https://registry.npmjs.org/@typescript-eslint%2ftypes 213163ms (cache miss)
558 silly inflate node_modules/@webassemblyjs/ast
559 http fetch GET 200 https://registry.npmjs.org/@webassemblyjs%2fast 15657ms (cache miss)
560 silly inflate node_modules/@webassemblyjs/floating-point-hex-parser
561 http fetch GET 200 https://registry.npmjs.org/@webassemblyjs%2ffloating-point-hex-parser 8990ms (cache miss)
562 silly inflate node_modules/@webassemblyjs/helper-api-error
